\BOOKMARK [0][-]{chapter.1}{\376\377\000A\000c\000k\000n\000o\000w\000l\000e\000d\000g\000e\000m\000e\000n\000t\000s}{}% 1
\BOOKMARK [0][-]{chapter.2}{\376\377\000I\000n\000t\000r\000o\000d\000u\000c\000t\000i\000o\000n}{}% 2
\BOOKMARK [1][-]{section.2.1}{\376\377\000H\000o\000s\000t\000\040\000O\000r\000g\000a\000n\000i\000s\000m}{chapter.2}% 3
\BOOKMARK [2][-]{subsection.2.1.1}{\376\377\000S\000t\000e\000e\000l\000S\000e\000r\000i\000e\000s}{section.2.1}% 4
\BOOKMARK [2][-]{subsection.2.1.2}{\376\377\000M\000i\000s\000s\000i\000o\000n}{section.2.1}% 5
\BOOKMARK [1][-]{section.2.2}{\376\377\000C\000o\000n\000t\000e\000x\000t\000\040\000\046\000\040\000M\000o\000t\000i\000v\000a\000t\000i\000o\000n}{chapter.2}% 6
\BOOKMARK [2][-]{subsection.2.2.1}{\376\377\000F\000e\000a\000t\000u\000r\000e\000\040\000M\000a\000t\000c\000h\000i\000n\000g\000\040\000i\000n\000\040\000C\000o\000m\000p\000u\000t\000e\000r\000\040\000V\000i\000s\000i\000o\000n}{section.2.2}% 7
\BOOKMARK [2][-]{subsection.2.2.2}{\376\377\000H\000o\000w\000\040\000F\000e\000a\000t\000u\000r\000e\000\040\000M\000a\000t\000c\000h\000i\000n\000g\000\040\000W\000o\000r\000k\000s}{section.2.2}% 8
\BOOKMARK [2][-]{subsection.2.2.3}{\376\377\000S\000c\000a\000l\000e\000\040\000I\000n\000v\000a\000r\000i\000a\000n\000t\000\040\000F\000e\000a\000t\000u\000r\000e\000\040\000T\000r\000a\000n\000s\000f\000o\000r\000m}{section.2.2}% 9
\BOOKMARK [2][-]{subsection.2.2.4}{\376\377\000C\000h\000a\000l\000l\000e\000n\000g\000e\000s\000\040\000i\000n\000\040\000G\000a\000m\000i\000n\000g\000\040\000A\000p\000p\000l\000i\000c\000a\000t\000i\000o\000n\000s}{section.2.2}% 10
\BOOKMARK [2][-]{subsection.2.2.5}{\376\377\000L\000i\000m\000i\000t\000a\000t\000i\000o\000n\000s\000\040\000o\000f\000\040\000T\000r\000a\000d\000i\000t\000i\000o\000n\000a\000l\000\040\000F\000e\000a\000t\000u\000r\000e\000\040\000M\000a\000t\000c\000h\000i\000n\000g\000\040\000T\000e\000c\000h\000n\000i\000q\000u\000e\000s}{section.2.2}% 11
\BOOKMARK [1][-]{section.2.3}{\376\377\000P\000r\000o\000j\000e\000c\000t\000\040\000O\000b\000j\000e\000c\000t\000i\000v\000e\000s}{chapter.2}% 12
\BOOKMARK [2][-]{subsection.2.3.1}{\376\377\000R\000e\000p\000r\000o\000d\000u\000c\000i\000n\000g\000\040\000F\000e\000a\000t\000u\000r\000e\000\040\000M\000a\000t\000c\000h\000i\000n\000g\000\040\000T\000e\000c\000h\000n\000i\000q\000u\000e\000s\000\040\000w\000i\000t\000h\000\040\000N\000e\000u\000r\000a\000l\000\040\000N\000e\000t\000w\000o\000r\000k\000s}{section.2.3}% 13
\BOOKMARK [2][-]{subsection.2.3.2}{\376\377\000P\000r\000o\000b\000l\000e\000m\000\040\000S\000t\000a\000t\000e\000m\000e\000n\000t}{section.2.3}% 14
\BOOKMARK [1][-]{section.2.4}{\376\377\000I\000n\000d\000u\000s\000t\000r\000i\000a\000l\000\040\000R\000e\000l\000e\000v\000a\000n\000c\000e}{chapter.2}% 15
\BOOKMARK [2][-]{subsection.2.4.1}{\376\377\000I\000n\000t\000e\000g\000r\000a\000t\000i\000o\000n\000\040\000w\000i\000t\000h\000\040\000S\000t\000e\000e\000l\000S\000e\000r\000i\000e\000s\000\040\000M\000o\000m\000e\000n\000t\000s\000\040\000S\000o\000f\000t\000w\000a\000r\000e}{section.2.4}% 16
\BOOKMARK [0][-]{chapter.3}{\376\377\000L\000i\000t\000e\000r\000a\000t\000u\000r\000e\000\040\000R\000e\000v\000i\000e\000w\000:\000\040\000N\000e\000u\000r\000a\000l\000\040\000F\000e\000a\000t\000u\000r\000e\000\040\000M\000a\000t\000c\000h\000i\000n\000g}{}% 17
\BOOKMARK [1][-]{section.3.1}{\376\377\000R\000e\000v\000i\000e\000w\000\040\000o\000f\000\040\000R\000e\000c\000e\000n\000t\000\040\000M\000e\000t\000h\000o\000d\000s}{chapter.3}% 18
\BOOKMARK [1][-]{section.3.2}{\376\377\000A\000L\000I\000K\000E\000:\000\040\000A\000c\000c\000u\000r\000a\000t\000e\000\040\000a\000n\000d\000\040\000L\000i\000g\000h\000t\000w\000e\000i\000g\000h\000t\000\040\000K\000e\000y\000p\000o\000i\000n\000t\000\040\000D\000e\000t\000e\000c\000t\000i\000o\000n\000\040\000a\000n\000d\000\040\000D\000e\000s\000c\000r\000i\000p\000t\000o\000r\000\040\000E\000x\000t\000r\000a\000c\000t\000i\000o\000n}{chapter.3}% 19
\BOOKMARK [2][-]{subsection.3.2.1}{\376\377\000S\000h\000a\000r\000e\000d\000\040\000F\000e\000a\000t\000u\000r\000e\000\040\000E\000n\000c\000o\000d\000e\000r}{section.3.2}% 20
\BOOKMARK [2][-]{subsection.3.2.2}{\376\377\000K\000e\000y\000p\000o\000i\000n\000t\000\040\000D\000e\000t\000e\000c\000t\000i\000o\000n\000\040\000H\000e\000a\000d}{section.3.2}% 21
\BOOKMARK [2][-]{subsection.3.2.3}{\376\377\000D\000e\000s\000c\000r\000i\000p\000t\000o\000r\000\040\000E\000x\000t\000r\000a\000c\000t\000i\000o\000n\000\040\000H\000e\000a\000d}{section.3.2}% 22
\BOOKMARK [1][-]{section.3.3}{\376\377\000L\000i\000g\000h\000t\000G\000l\000u\000e\000:\000\040\000L\000o\000c\000a\000l\000\040\000F\000e\000a\000t\000u\000r\000e\000\040\000M\000a\000t\000c\000h\000i\000n\000g\000\040\000a\000t\000\040\000L\000i\000g\000h\000t\000\040\000S\000p\000e\000e\000d}{chapter.3}% 23
\BOOKMARK [2][-]{subsection.3.3.1}{\376\377\000I\000n\000p\000u\000t\000\040\000R\000e\000p\000r\000e\000s\000e\000n\000t\000a\000t\000i\000o\000n\000:}{section.3.3}% 24
\BOOKMARK [2][-]{subsection.3.3.2}{\376\377\000T\000r\000a\000n\000s\000f\000o\000r\000m\000e\000r\000-\000b\000a\000s\000e\000d\000\040\000B\000a\000c\000k\000b\000o\000n\000e\000:\000\040}{section.3.3}% 25
\BOOKMARK [2][-]{subsection.3.3.3}{\376\377\000L\000i\000g\000h\000t\000w\000e\000i\000g\000h\000t\000\040\000M\000a\000t\000c\000h\000i\000n\000g\000\040\000H\000e\000a\000d\000:}{section.3.3}% 26
\BOOKMARK [2][-]{subsection.3.3.4}{\376\377\000A\000d\000a\000p\000t\000i\000v\000e\000\040\000I\000n\000f\000e\000r\000e\000n\000c\000e\000:}{section.3.3}% 27
\BOOKMARK [1][-]{section.3.4}{\376\377\000X\000F\000e\000a\000t\000:\000\040\000A\000c\000c\000e\000l\000e\000r\000a\000t\000e\000d\000\040\000F\000e\000a\000t\000u\000r\000e\000s\000\040\000f\000o\000r\000\040\000L\000i\000g\000h\000t\000w\000e\000i\000g\000h\000t\000\040\000I\000m\000a\000g\000e\000\040\000M\000a\000t\000c\000h\000i\000n\000g}{chapter.3}% 28
\BOOKMARK [2][-]{subsection.3.4.1}{\376\377\000F\000e\000a\000t\000h\000e\000r\000w\000e\000i\000g\000h\000t\000\040\000N\000e\000t\000w\000o\000r\000k\000\040\000B\000a\000c\000k\000b\000o\000n\000e}{section.3.4}% 29
\BOOKMARK [2][-]{subsection.3.4.2}{\376\377\000L\000o\000c\000a\000l\000\040\000F\000e\000a\000t\000u\000r\000e\000\040\000e\000x\000t\000r\000a\000c\000t\000i\000o\000n}{section.3.4}% 30
\BOOKMARK [2][-]{subsection.3.4.3}{\376\377\000D\000e\000n\000s\000e\000\040\000M\000a\000t\000c\000h\000i\000n\000g\000\040\000a\000n\000d\000\040\000M\000a\000t\000c\000h\000\040\000R\000e\000f\000i\000n\000e\000m\000e\000n\000t}{section.3.4}% 31
\BOOKMARK [2][-]{subsection.3.4.4}{\376\377\000S\000p\000a\000r\000s\000e\000\040\000\046\000\040\000S\000e\000m\000i\000-\000d\000e\000n\000s\000e\000\040\000M\000a\000t\000c\000h\000i\000n\000g}{section.3.4}% 32
\BOOKMARK [1][-]{section.3.5}{\376\377\000G\000a\000p\000s\000\040\000a\000n\000d\000\040\000L\000i\000m\000i\000t\000a\000t\000i\000o\000n\000s}{chapter.3}% 33
\BOOKMARK [0][-]{chapter.4}{\376\377\000M\000e\000t\000h\000o\000d\000o\000l\000o\000g\000y}{}% 34
\BOOKMARK [1][-]{section.4.1}{\376\377\000P\000r\000o\000b\000l\000e\000m\000\040\000F\000o\000r\000m\000u\000l\000a\000t\000i\000o\000n}{chapter.4}% 35
\BOOKMARK [2][-]{subsection.4.1.1}{\376\377\000F\000e\000a\000t\000u\000r\000e\000\040\000M\000a\000t\000c\000h\000i\000n\000g\000\040\000a\000s\000\040\000C\000o\000r\000r\000e\000s\000p\000o\000n\000d\000e\000n\000c\000e\000\040\000P\000r\000e\000d\000i\000c\000t\000i\000o\000n}{section.4.1}% 36
\BOOKMARK [2][-]{subsection.4.1.2}{\376\377\000O\000b\000j\000e\000c\000t\000i\000v\000e\000s\000\040\000i\000n\000\040\000T\000e\000r\000m\000s\000\040\000o\000f\000\040\000S\000p\000e\000e\000d\000,\000\040\000A\000c\000c\000u\000r\000a\000c\000y\000,\000\040\000a\000n\000d\000\040\000R\000o\000b\000u\000s\000t\000n\000e\000s\000s}{section.4.1}% 37
\BOOKMARK [2][-]{subsection.4.1.3}{\376\377\000C\000h\000o\000i\000c\000e\000\040\000o\000f\000\040\000M\000o\000d\000e\000l\000s}{section.4.1}% 38
\BOOKMARK [2][-]{subsection.4.1.4}{\376\377\000D\000a\000t\000a\000s\000e\000t\000s}{section.4.1}% 39
\BOOKMARK [1][-]{section.4.2}{\376\377\000E\000x\000p\000e\000r\000i\000m\000e\000n\000t\000a\000l\000\040\000D\000e\000s\000i\000g\000n}{chapter.4}% 40
\BOOKMARK [2][-]{subsection.4.2.1}{\376\377\000D\000a\000t\000a\000\040\000C\000o\000l\000l\000e\000c\000t\000i\000o\000n\000\040\000a\000n\000d\000\040\000P\000r\000e\000p\000r\000o\000c\000e\000s\000s\000i\000n\000g}{section.4.2}% 41
\BOOKMARK [2][-]{subsection.4.2.2}{\376\377\000D\000e\000s\000i\000g\000n\000\040\000o\000f\000\040\000T\000e\000a\000c\000h\000e\000r\000-\000S\000t\000u\000d\000e\000n\000t\000\040\000F\000r\000a\000m\000e\000w\000o\000r\000k}{section.4.2}% 42
\BOOKMARK [2][-]{subsection.4.2.3}{\376\377\000S\000I\000F\000T\000\040\000I\000m\000p\000l\000e\000m\000e\000n\000t\000a\000t\000i\000o\000n}{section.4.2}% 43
\BOOKMARK [1][-]{section.4.3}{\376\377\000E\000v\000a\000l\000u\000a\000t\000i\000o\000n\000\040\000m\000e\000t\000r\000i\000c\000s}{chapter.4}% 44
\BOOKMARK [2][-]{subsection.4.3.1}{\376\377\000L\000o\000s\000s\000\040\000F\000u\000n\000c\000t\000i\000o\000n\000s}{section.4.3}% 45
\BOOKMARK [2][-]{subsection.4.3.2}{\376\377\000M\000a\000t\000c\000h\000i\000n\000g\000\040\000C\000r\000i\000t\000e\000r\000i\000o\000n}{section.4.3}% 46
\BOOKMARK [0][-]{chapter.5}{\376\377\000I\000m\000p\000l\000e\000m\000e\000n\000t\000a\000t\000i\000o\000n\000,\000\040\000R\000e\000s\000u\000l\000t\000,\000\040\000a\000n\000d\000\040\000A\000n\000a\000l\000y\000s\000i\000s}{}% 47
\BOOKMARK [1][-]{section.5.1}{\376\377\000O\000v\000e\000r\000v\000i\000e\000w\000\040\000o\000f\000\040\000t\000h\000e\000\040\000a\000p\000p\000r\000o\000a\000c\000h}{chapter.5}% 48
\BOOKMARK [1][-]{section.5.2}{\376\377\000D\000a\000t\000a\000s\000e\000t\000\040\000P\000r\000e\000p\000a\000r\000a\000t\000i\000o\000n\000\040\000\046\000\040\000P\000r\000e\000p\000r\000o\000c\000e\000s\000s\000i\000n\000g}{chapter.5}% 49
\BOOKMARK [2][-]{subsection.5.2.1}{\376\377\000D\000a\000t\000a\000\040\000S\000y\000n\000t\000h\000e\000s\000i\000s}{section.5.2}% 50
\BOOKMARK [1][-]{section.5.3}{\376\377\000T\000r\000a\000i\000n\000i\000n\000g\000\040\000P\000r\000o\000c\000e\000d\000u\000r\000e\000\040\000\046\000\040\000E\000x\000p\000e\000r\000i\000m\000e\000n\000t\000a\000l\000\040\000S\000e\000t\000u\000p}{chapter.5}% 51
\BOOKMARK [2][-]{subsection.5.3.1}{\376\377\000R\000e\000s\000u\000l\000t\000s}{section.5.3}% 52
\BOOKMARK [1][-]{section.5.4}{\376\377\000I\000t\000e\000r\000a\000t\000i\000v\000e\000\040\000R\000e\000f\000i\000n\000e\000m\000e\000n\000t}{chapter.5}% 53
\BOOKMARK [2][-]{subsection.5.4.1}{\376\377\000V\000a\000r\000i\000a\000n\000t\000\040\000A}{section.5.4}% 54
\BOOKMARK [2][-]{subsection.5.4.2}{\376\377\000V\000a\000r\000i\000a\000n\000t\000\040\000B}{section.5.4}% 55
\BOOKMARK [2][-]{subsection.5.4.3}{\376\377\000V\000a\000r\000i\000a\000n\000t\000\040\000C}{section.5.4}% 56
\BOOKMARK [0][-]{chapter.6}{\376\377\000E\000x\000p\000e\000r\000i\000m\000e\000n\000t\000a\000l\000\040\000E\000v\000a\000l\000u\000a\000t\000i\000o\000n\000\040\000a\000n\000d\000\040\000P\000e\000r\000f\000o\000r\000m\000a\000n\000c\000e\000\040\000A\000n\000a\000l\000y\000s\000i\000s}{}% 57
\BOOKMARK [1][-]{section.6.1}{\376\377\000E\000x\000p\000e\000r\000i\000m\000e\000n\000t\000a\000l\000\040\000F\000r\000a\000m\000e\000w\000o\000r\000k\000\040\000a\000n\000d\000\040\000B\000a\000s\000e\000l\000i\000n\000e\000\040\000C\000o\000n\000f\000i\000g\000u\000r\000a\000t\000i\000o\000n}{chapter.6}% 58
\BOOKMARK [1][-]{section.6.2}{\376\377\000P\000e\000r\000f\000o\000r\000m\000a\000n\000c\000e\000\040\000M\000e\000t\000r\000i\000c\000s\000\040\000a\000n\000d\000\040\000Q\000u\000a\000n\000t\000i\000t\000a\000t\000i\000v\000e\000\040\000A\000s\000s\000e\000s\000s\000m\000e\000n\000t}{chapter.6}% 59
\BOOKMARK [2][-]{subsection.6.2.1}{\376\377\000T\000r\000a\000i\000n\000i\000n\000g\000\040\000D\000y\000n\000a\000m\000i\000c\000s\000\040\000a\000n\000d\000\040\000M\000o\000d\000e\000l\000\040\000C\000o\000n\000v\000e\000r\000g\000e\000n\000c\000e}{section.6.2}% 60
\BOOKMARK [1][-]{section.6.3}{\376\377\000C\000l\000a\000s\000s\000i\000f\000i\000c\000a\000t\000i\000o\000n\000\040\000P\000e\000r\000f\000o\000r\000m\000a\000n\000c\000e\000\040\000A\000n\000a\000l\000y\000s\000i\000s}{chapter.6}% 61
\BOOKMARK [2][-]{subsection.6.3.1}{\376\377\000B\000a\000s\000e\000l\000i\000n\000e\000\040\000M\000o\000d\000e\000l\000\040\000E\000v\000a\000l\000u\000a\000t\000i\000o\000n\000\040\000R\000e\000s\000u\000l\000t\000s}{section.6.3}% 62
\BOOKMARK [2][-]{subsection.6.3.2}{\376\377\000E\000n\000h\000a\000n\000c\000e\000d\000\040\000M\000o\000d\000e\000l\000\040\000P\000e\000r\000f\000o\000r\000m\000a\000n\000c\000e\000\040\000E\000v\000a\000l\000u\000a\000t\000i\000o\000n}{section.6.3}% 63
\BOOKMARK [2][-]{subsection.6.3.3}{\376\377\000D\000e\000t\000a\000i\000l\000e\000d\000\040\000P\000e\000r\000f\000o\000r\000m\000a\000n\000c\000e\000\040\000B\000r\000e\000a\000k\000d\000o\000w\000n}{section.6.3}% 64
\BOOKMARK [2][-]{subsection.6.3.4}{\376\377\000P\000e\000r\000f\000o\000r\000m\000a\000n\000c\000e\000\040\000S\000u\000m\000m\000a\000r\000y\000\040\000a\000n\000d\000\040\000B\000e\000h\000a\000v\000i\000o\000r\000a\000l\000\040\000C\000h\000a\000r\000a\000c\000t\000e\000r\000i\000s\000t\000i\000c\000s}{section.6.3}% 65
\BOOKMARK [1][-]{section.6.4}{\376\377\000C\000o\000m\000p\000u\000t\000a\000t\000i\000o\000n\000a\000l\000\040\000E\000f\000f\000i\000c\000i\000e\000n\000c\000y\000\040\000a\000n\000d\000\040\000S\000p\000e\000e\000d\000-\000A\000c\000c\000u\000r\000a\000c\000y\000\040\000T\000r\000a\000d\000e\000-\000o\000f\000f\000s}{chapter.6}% 66
\BOOKMARK [2][-]{subsection.6.4.1}{\376\377\000P\000e\000r\000f\000o\000r\000m\000a\000n\000c\000e\000\040\000B\000e\000n\000c\000h\000m\000a\000r\000k\000i\000n\000g\000\040\000A\000n\000a\000l\000y\000s\000i\000s}{section.6.4}% 67
\BOOKMARK [0][-]{chapter.7}{\376\377\000C\000o\000n\000c\000l\000u\000s\000i\000o\000n\000\040\000a\000n\000d\000\040\000F\000u\000t\000u\000r\000e\000\040\000W\000o\000r\000k}{}% 68
\BOOKMARK [1][-]{section.7.1}{\376\377\000S\000u\000m\000m\000a\000r\000y\000\040\000o\000f\000\040\000C\000o\000n\000t\000r\000i\000b\000u\000t\000i\000o\000n\000s}{chapter.7}% 69
\BOOKMARK [1][-]{section.7.2}{\376\377\000L\000i\000m\000i\000t\000a\000t\000i\000o\000n\000s}{chapter.7}% 70
\BOOKMARK [2][-]{subsection.7.2.1}{\376\377\000D\000o\000m\000a\000i\000n\000\040\000G\000e\000n\000e\000r\000a\000l\000i\000z\000a\000t\000i\000o\000n}{section.7.2}% 71
\BOOKMARK [2][-]{subsection.7.2.2}{\376\377\000E\000x\000t\000r\000e\000m\000e\000\040\000L\000o\000w\000-\000L\000i\000g\000h\000t\000\040\000o\000r\000\040\000H\000i\000g\000h\000-\000M\000o\000t\000i\000o\000n\000\040\000S\000c\000e\000n\000e\000s}{section.7.2}% 72
\BOOKMARK [1][-]{section.7.3}{\376\377\000F\000u\000t\000u\000r\000e\000\040\000W\000o\000r\000k}{chapter.7}% 73
\BOOKMARK [2][-]{subsection.7.3.1}{\376\377\000H\000a\000r\000d\000w\000a\000r\000e\000-\000S\000p\000e\000c\000i\000f\000i\000c\000\040\000O\000p\000t\000i\000m\000i\000z\000a\000t\000i\000o\000n\000s\000\040\000\050\000e\000.\000g\000.\000,\000\040\000A\000R\000M\000\040\000C\000P\000U\000\040\000T\000u\000n\000i\000n\000g\000\051}{section.7.3}% 74
\BOOKMARK [2][-]{subsection.7.3.2}{\376\377\000R\000e\000a\000l\000-\000T\000i\000m\000e\000\040\000D\000e\000p\000l\000o\000y\000m\000e\000n\000t\000\040\000o\000n\000\040\000E\000n\000d\000-\000U\000s\000e\000r\000\040\000D\000e\000v\000i\000c\000e\000s}{section.7.3}% 75
\BOOKMARK [0][-]{chapter.8}{\376\377\000A\000p\000p\000e\000n\000d\000i\000c\000e\000s}{}% 76
\BOOKMARK [1][-]{section.8.1}{\376\377\000A\000d\000d\000i\000t\000i\000o\000n\000a\000l\000\040\000F\000i\000g\000u\000r\000e\000s}{chapter.8}% 77
\BOOKMARK [1][-]{section.8.2}{\376\377\000C\000o\000d\000e\000\040\000S\000n\000i\000p\000p\000e\000t\000s}{chapter.8}% 78
\BOOKMARK [1][-]{section.8.3}{\376\377\000H\000y\000p\000e\000r\000p\000a\000r\000a\000m\000e\000t\000e\000r\000\040\000T\000a\000b\000l\000e\000s}{chapter.8}% 79
\BOOKMARK [1][-]{section.8.4}{\376\377\000H\000a\000r\000d\000w\000a\000r\000e\000\040\000S\000p\000e\000c\000i\000f\000i\000c\000a\000t\000i\000o\000n\000s}{chapter.8}% 80
